<?xml version="1.0" encoding="UTF-8"?>
<testng-results skipped="0" failed="0" total="1" passed="1">
  <reporter-output>
  </reporter-output>
  <suite name="Default suite" duration-ms="50368" started-at="2019-01-27T12:14:12Z" finished-at="2019-01-27T12:15:03Z">
    <groups>
    </groups>
    <test name="Default test" duration-ms="50368" started-at="2019-01-27T12:14:12Z" finished-at="2019-01-27T12:15:03Z">
      <class name="Tests.Log4j">
        <test-method status="PASS" signature="TestJavaS1()[pri:0, instance:Tests.Log4j@6d00a15d]" name="TestJavaS1" duration-ms="50348" started-at="2019-01-27T17:44:12Z" finished-at="2019-01-27T17:45:03Z">
          <reporter-output>
          </reporter-output>
        </test-method> <!-- TestJavaS1 -->
      </class> <!-- Tests.Log4j -->
    </test> <!-- Default test -->
  </suite> <!-- Default suite -->
</testng-results>
